<?xml version="1.0" encoding="UTF-8"?>
<testsuites>
<testsuite timestamp="2023-03-27T19:24:39" hostname="DESKTOP-DVFFB09" package="v1" id="0" name="default" tests="1" errors="0" failures="1" time="0" skipped="0">
<properties>
<property name="os" value="Linux"/>
<property name="expect" value="PASS"/>
<property name="status" value="FAIL"/>
</properties>
<testcase classname="default" name="default" time="0">
<failure type="assert" message="FAIL" />
</testcase>
<system-out>SBY 19:24:38 [v1] Removing directory '/home/czh/murphi2chisel/equivalence_check/mutual/v1'.
SBY 19:24:38 [v1] Copy '/home/czh/murphi2chisel/equivalence_check/mutual/protocol.sv' to '/home/czh/murphi2chisel/equivalence_check/mutual/v1/src/protocol.sv'.
SBY 19:24:38 [v1] engine_0: abc pdr
SBY 19:24:38 [v1] base: starting process &quot;cd v1/src; yosys -ql ../model/design.log ../model/design.ys&quot;
SBY 19:24:39 [v1] base: finished (returncode=0)
SBY 19:24:39 [v1] prep: starting process &quot;cd v1/model; yosys -ql design_prep.log design_prep.ys&quot;
SBY 19:24:39 [v1] prep: finished (returncode=0)
SBY 19:24:39 [v1] aig: starting process &quot;cd v1/model; yosys -ql design_aiger.log design_aiger.ys&quot;
SBY 19:24:39 [v1] aig: finished (returncode=0)
SBY 19:24:39 [v1] engine_0: starting process &quot;cd v1; yosys-abc -c 'read_aiger model/design_aiger.aig; fold; strash; pdr -v; write_cex -a engine_0/trace.aiw'&quot;
SBY 19:24:39 [v1] engine_0: ABC command line: &quot;read_aiger model/design_aiger.aig; fold; strash; pdr -v; write_cex -a engine_0/trace.aiw&quot;.
SBY 19:24:39 [v1] engine_0: Warning: The last 2 outputs are interpreted as constraints.
SBY 19:24:39 [v1] engine_0: VarMax = 300. FrameMax = 10000. QueMax = 0. TimeMax = 0. MonoCNF = no. SkipGen = no. SolveAll = no.
SBY 19:24:39 [v1] engine_0: Frame Clauses                                                     Max Queue Flops Cex      Time
SBY 19:24:39 [v1] engine_0: 1 : 0 1                                                                 1     2      0.00 sec
SBY 19:24:39 [v1] engine_0: 2 : 0 2 0                                                               4     3      0.00 sec
SBY 19:24:39 [v1] engine_0: Block =    2  Oblig =     9  Clause =     2  Call =    13 (sat=69.2%)  Cex =   0  Start =   0
SBY 19:24:39 [v1] engine_0: SAT solving =     0.00 sec (  1.51 %)
SBY 19:24:39 [v1] engine_0: unsat     =     0.00 sec (  0.07 %)
SBY 19:24:39 [v1] engine_0: sat       =     0.00 sec (  1.45 %)
SBY 19:24:39 [v1] engine_0: Generalize  =     0.00 sec (  1.81 %)
SBY 19:24:39 [v1] engine_0: Push clause =     0.00 sec (  0.13 %)
SBY 19:24:39 [v1] engine_0: Ternary sim =     0.00 sec (  0.39 %)
SBY 19:24:39 [v1] engine_0: Containment =     0.00 sec (  0.00 %)
SBY 19:24:39 [v1] engine_0: CNF compute =     0.00 sec (  0.54 %)
SBY 19:24:39 [v1] engine_0: Refinement  =     0.00 sec (  0.05 %)
SBY 19:24:39 [v1] engine_0: TOTAL       =     0.01 sec (100.00 %)
SBY 19:24:39 [v1] engine_0: Output 0 of miter &quot;model/design_aiger&quot; was asserted in frame 3.  Time =     0.01 sec
SBY 19:24:39 [v1] engine_0: finished (returncode=0)
SBY 19:24:39 [v1] engine_0: Status returned by engine: FAIL
SBY 19:24:39 [v1] smt2: starting process &quot;cd v1/model; yosys -ql design_smt2.log design_smt2.ys&quot;
SBY 19:24:39 [v1] engine_0: Engine did not produce a counter example.
SBY 19:24:39 [v1] engine_0: starting process &quot;cd v1; yosys-witness aiw2yw engine_0/trace.aiw model/design_aiger.ywa engine_0/trace_aiw.yw&quot;
SBY 19:24:39 [v1] smt2: finished (returncode=0)
SBY 19:24:39 [v1] engine_0: Converting AIGER witness trace 'engine_0/trace.aiw' to Yosys witness trace 'engine_0/trace_aiw.yw'...
SBY 19:24:39 [v1] engine_0: Using Yosys witness AIGER map file 'model/design_aiger.ywa'
SBY 19:24:39 [v1] engine_0: Converted 4 time steps.
SBY 19:24:39 [v1] engine_0: finished (returncode=0)
SBY 19:24:39 [v1] engine_0: starting process &quot;cd v1; yosys-smtbmc -s yices --noprogress --append 0 --dump-vcd engine_0/trace.vcd --dump-yw engine_0/trace.yw --dump-vlogtb engine_0/trace_tb.v --dump-smtc engine_0/trace.smtc --yw engine_0/trace_aiw.yw model/design_smt2.smt2&quot;
SBY 19:24:39 [v1] engine_0: ##   0:00:00  Solver: yices
SBY 19:24:39 [v1] engine_0: ##   0:00:00  Skipping step 0..
SBY 19:24:39 [v1] engine_0: ##   0:00:00  Skipping step 1..
SBY 19:24:39 [v1] engine_0: ##   0:00:00  Skipping step 2..
SBY 19:24:39 [v1] engine_0: ##   0:00:00  Checking assertions in step 3..
SBY 19:24:39 [v1] engine_0: ##   0:00:00  BMC failed!
SBY 19:24:39 [v1] engine_0: ##   0:00:00  Assert failed in system: protocol.sv:506.22-507.61 ($assert$protocol.sv:506$53)
SBY 19:24:39 [v1] engine_0: ##   0:00:00  Writing trace to VCD file: engine_0/trace.vcd
SBY 19:24:39 [v1] engine_0: ##   0:00:00  Writing trace to Verilog testbench: engine_0/trace_tb.v
SBY 19:24:39 [v1] engine_0: ##   0:00:00  Writing trace to constraints file: engine_0/trace.smtc
SBY 19:24:39 [v1] engine_0: ##   0:00:00  Writing trace to Yosys witness file: engine_0/trace.yw
SBY 19:24:39 [v1] engine_0: ##   0:00:00  Status: FAILED
SBY 19:24:39 [v1] engine_0: finished (returncode=1)
SBY 19:24:39 [v1] summary: Elapsed clock time [H:MM:SS (secs)]: 0:00:00 (0)
SBY 19:24:39 [v1] summary: Elapsed process time [H:MM:SS (secs)]: 0:00:00 (0)
SBY 19:24:39 [v1] summary: engine_0 (abc pdr) returned FAIL
SBY 19:24:39 [v1] summary: counterexample trace: v1/engine_0/trace.vcd
SBY 19:24:39 [v1] DONE (FAIL, rc=2)
</system-out>
<system-err>
</system-err>
</testsuite>
</testsuites>
