<?xml version="1.0" encoding="UTF-8"?>
<testsuites>
<testsuite timestamp="2023-03-22T18:34:13" hostname="DESKTOP-DVFFB09" package="v1" id="0" name="default" tests="1" errors="0" failures="1" time="1" skipped="0">
<properties>
<property name="os" value="Linux"/>
<property name="expect" value="PASS"/>
<property name="status" value="FAIL"/>
</properties>
<testcase classname="default" name="default" time="1">
<failure type="assert" message="FAIL" />
</testcase>
<system-out>SBY 18:34:12 [v1] Removing directory '/home/czh/murphi2chisel/equivalence_check/tilelink/v1'.
SBY 18:34:12 [v1] Copy '/home/czh/murphi2chisel/equivalence_check/tilelink/protocol.sv' to '/home/czh/murphi2chisel/equivalence_check/tilelink/v1/src/protocol.sv'.
SBY 18:34:12 [v1] engine_0: abc pdr
SBY 18:34:12 [v1] base: starting process &quot;cd v1/src; yosys -ql ../model/design.log ../model/design.ys&quot;
SBY 18:34:13 [v1] base: finished (returncode=0)
SBY 18:34:13 [v1] prep: starting process &quot;cd v1/model; yosys -ql design_prep.log design_prep.ys&quot;
SBY 18:34:13 [v1] prep: finished (returncode=0)
SBY 18:34:13 [v1] aig: starting process &quot;cd v1/model; yosys -ql design_aiger.log design_aiger.ys&quot;
SBY 18:34:13 [v1] aig: finished (returncode=0)
SBY 18:34:13 [v1] engine_0: starting process &quot;cd v1; yosys-abc -c 'read_aiger model/design_aiger.aig; fold; strash; pdr -v; write_cex -a engine_0/trace.aiw'&quot;
SBY 18:34:13 [v1] engine_0: ABC command line: &quot;read_aiger model/design_aiger.aig; fold; strash; pdr -v; write_cex -a engine_0/trace.aiw&quot;.
SBY 18:34:13 [v1] engine_0: Warning: The last 2 outputs are interpreted as constraints.
SBY 18:34:13 [v1] engine_0: VarMax = 300. FrameMax = 10000. QueMax = 0. TimeMax = 0. MonoCNF = no. SkipGen = no. SolveAll = no.
SBY 18:34:13 [v1] engine_0: Frame Clauses                                                     Max Queue Flops Cex      Time
SBY 18:34:13 [v1] engine_0: 1 : 0 3                                                                 1     4      0.00 sec
SBY 18:34:13 [v1] engine_0: 2 : 0 7 8                                                               7    15      0.00 sec
SBY 18:34:13 [v1] engine_0: 3 : 0 5 4 5                                                             0    15      0.01 sec
SBY 18:34:13 [v1] engine_0: 4 : 0 7 13 11 12                                                       11    27      0.02 sec
SBY 18:34:13 [v1] engine_0: Block =    8  Oblig =    96  Clause =    44  Call =   300 (sat=63.3%)  Cex =   0  Start =   0
SBY 18:34:13 [v1] engine_0: SAT solving =     0.01 sec ( 43.68 %)
SBY 18:34:13 [v1] engine_0: unsat     =     0.00 sec (  9.83 %)
SBY 18:34:13 [v1] engine_0: sat       =     0.01 sec ( 33.86 %)
SBY 18:34:13 [v1] engine_0: Generalize  =     0.01 sec ( 41.44 %)
SBY 18:34:13 [v1] engine_0: Push clause =     0.00 sec (  2.75 %)
SBY 18:34:13 [v1] engine_0: Ternary sim =     0.00 sec (  5.26 %)
SBY 18:34:13 [v1] engine_0: Containment =     0.00 sec (  0.07 %)
SBY 18:34:13 [v1] engine_0: CNF compute =     0.00 sec (  2.90 %)
SBY 18:34:13 [v1] engine_0: Refinement  =     0.00 sec (  0.21 %)
SBY 18:34:13 [v1] engine_0: TOTAL       =     0.02 sec (100.00 %)
SBY 18:34:13 [v1] engine_0: Output 2 of miter &quot;model/design_aiger&quot; was asserted in frame 10.  Time =     0.02 sec
SBY 18:34:13 [v1] engine_0: finished (returncode=0)
SBY 18:34:13 [v1] engine_0: Status returned by engine: FAIL
SBY 18:34:13 [v1] smt2: starting process &quot;cd v1/model; yosys -ql design_smt2.log design_smt2.ys&quot;
SBY 18:34:13 [v1] engine_0: Engine did not produce a counter example.
SBY 18:34:13 [v1] engine_0: starting process &quot;cd v1; yosys-witness aiw2yw engine_0/trace.aiw model/design_aiger.ywa engine_0/trace_aiw.yw&quot;
SBY 18:34:13 [v1] engine_0: Converting AIGER witness trace 'engine_0/trace.aiw' to Yosys witness trace 'engine_0/trace_aiw.yw'...
SBY 18:34:13 [v1] engine_0: Using Yosys witness AIGER map file 'model/design_aiger.ywa'
SBY 18:34:13 [v1] smt2: finished (returncode=0)
SBY 18:34:13 [v1] engine_0: Converted 11 time steps.
SBY 18:34:13 [v1] engine_0: finished (returncode=0)
SBY 18:34:13 [v1] engine_0: starting process &quot;cd v1; yosys-smtbmc -s yices --noprogress --append 0 --dump-vcd engine_0/trace.vcd --dump-yw engine_0/trace.yw --dump-vlogtb engine_0/trace_tb.v --dump-smtc engine_0/trace.smtc --yw engine_0/trace_aiw.yw model/design_smt2.smt2&quot;
SBY 18:34:13 [v1] engine_0: ##   0:00:00  Solver: yices
SBY 18:34:13 [v1] engine_0: ##   0:00:00  Skipping step 0..
SBY 18:34:13 [v1] engine_0: ##   0:00:00  Skipping step 1..
SBY 18:34:13 [v1] engine_0: ##   0:00:00  Skipping step 2..
SBY 18:34:13 [v1] engine_0: ##   0:00:00  Skipping step 3..
SBY 18:34:13 [v1] engine_0: ##   0:00:00  Skipping step 4..
SBY 18:34:13 [v1] engine_0: ##   0:00:00  Skipping step 5..
SBY 18:34:13 [v1] engine_0: ##   0:00:00  Skipping step 6..
SBY 18:34:13 [v1] engine_0: ##   0:00:00  Skipping step 7..
SBY 18:34:13 [v1] engine_0: ##   0:00:00  Skipping step 8..
SBY 18:34:13 [v1] engine_0: ##   0:00:00  Skipping step 9..
SBY 18:34:13 [v1] engine_0: ##   0:00:00  Checking assertions in step 10..
SBY 18:34:13 [v1] engine_0: ##   0:00:00  BMC failed!
SBY 18:34:13 [v1] engine_0: ##   0:00:00  Assert failed in system: protocol.sv:4146.22-4147.59 ($assert$protocol.sv:4146$385)
SBY 18:34:13 [v1] engine_0: ##   0:00:00  Writing trace to VCD file: engine_0/trace.vcd
SBY 18:34:13 [v1] engine_0: ##   0:00:00  Writing trace to Verilog testbench: engine_0/trace_tb.v
SBY 18:34:13 [v1] engine_0: ##   0:00:00  Writing trace to constraints file: engine_0/trace.smtc
SBY 18:34:13 [v1] engine_0: ##   0:00:00  Writing trace to Yosys witness file: engine_0/trace.yw
SBY 18:34:13 [v1] engine_0: ##   0:00:00  Status: FAILED
SBY 18:34:13 [v1] engine_0: finished (returncode=1)
SBY 18:34:13 [v1] summary: Elapsed clock time [H:MM:SS (secs)]: 0:00:00 (0)
SBY 18:34:13 [v1] summary: Elapsed process time [H:MM:SS (secs)]: 0:00:01 (1)
SBY 18:34:13 [v1] summary: engine_0 (abc pdr) returned FAIL
SBY 18:34:13 [v1] summary: counterexample trace: v1/engine_0/trace.vcd
SBY 18:34:13 [v1] DONE (FAIL, rc=2)
</system-out>
<system-err>
</system-err>
</testsuite>
</testsuites>
