<?xml version="1.0" encoding="UTF-8"?>
<testsuites>
<testsuite timestamp="2023-03-20T11:49:02" hostname="DESKTOP-DVFFB09" package="v3" id="0" name="default" tests="1" errors="0" failures="1" time="1" skipped="0">
<properties>
<property name="os" value="Linux"/>
<property name="expect" value="PASS"/>
<property name="status" value="FAIL"/>
</properties>
<testcase classname="default" name="default" time="1">
<failure type="assert" message="FAIL" />
</testcase>
<system-out>SBY 11:49:01 [v3] Removing directory '/home/czh/murphi2chisel/equivalence_check/german/v3'.
SBY 11:49:01 [v3] Copy '/home/czh/murphi2chisel/equivalence_check/german/protocol.sv' to '/home/czh/murphi2chisel/equivalence_check/german/v3/src/protocol.sv'.
SBY 11:49:01 [v3] engine_0: abc pdr
SBY 11:49:01 [v3] base: starting process &quot;cd v3/src; yosys -ql ../model/design.log ../model/design.ys&quot;
SBY 11:49:01 [v3] base: finished (returncode=0)
SBY 11:49:01 [v3] prep: starting process &quot;cd v3/model; yosys -ql design_prep.log design_prep.ys&quot;
SBY 11:49:01 [v3] prep: finished (returncode=0)
SBY 11:49:01 [v3] aig: starting process &quot;cd v3/model; yosys -ql design_aiger.log design_aiger.ys&quot;
SBY 11:49:02 [v3] aig: finished (returncode=0)
SBY 11:49:02 [v3] engine_0: starting process &quot;cd v3; yosys-abc -c 'read_aiger model/design_aiger.aig; fold; strash; pdr -v; write_cex -a engine_0/trace.aiw'&quot;
SBY 11:49:02 [v3] engine_0: ABC command line: &quot;read_aiger model/design_aiger.aig; fold; strash; pdr -v; write_cex -a engine_0/trace.aiw&quot;.
SBY 11:49:02 [v3] engine_0: Warning: The last 2 outputs are interpreted as constraints.
SBY 11:49:02 [v3] engine_0: VarMax = 300. FrameMax = 10000. QueMax = 0. TimeMax = 0. MonoCNF = no. SkipGen = no. SolveAll = no.
SBY 11:49:02 [v3] engine_0: Frame Clauses                                                     Max Queue Flops Cex      Time
SBY 11:49:02 [v3] engine_0: 1 : 0 1                                                                 1     2      0.00 sec
SBY 11:49:02 [v3] engine_0: 2 : 0 1 0                                                               3     2      0.00 sec
SBY 11:49:02 [v3] engine_0: Block =    2  Oblig =     6  Clause =     1  Call =     9 (sat=66.7%)  Cex =   0  Start =   0
SBY 11:49:02 [v3] engine_0: SAT solving =     0.00 sec (  1.51 %)
SBY 11:49:02 [v3] engine_0: unsat     =     0.00 sec (  0.03 %)
SBY 11:49:02 [v3] engine_0: sat       =     0.00 sec (  1.47 %)
SBY 11:49:02 [v3] engine_0: Generalize  =     0.00 sec (  5.48 %)
SBY 11:49:02 [v3] engine_0: Push clause =     0.00 sec (  0.11 %)
SBY 11:49:02 [v3] engine_0: Ternary sim =     0.00 sec (  1.45 %)
SBY 11:49:02 [v3] engine_0: Containment =     0.00 sec (  0.00 %)
SBY 11:49:02 [v3] engine_0: CNF compute =     0.00 sec (  2.88 %)
SBY 11:49:02 [v3] engine_0: Refinement  =     0.00 sec (  0.29 %)
SBY 11:49:02 [v3] engine_0: TOTAL       =     0.01 sec (100.00 %)
SBY 11:49:02 [v3] engine_0: Output 0 of miter &quot;model/design_aiger&quot; was asserted in frame 2.  Time =     0.01 sec
SBY 11:49:02 [v3] engine_0: finished (returncode=0)
SBY 11:49:02 [v3] engine_0: Status returned by engine: FAIL
SBY 11:49:02 [v3] smt2: starting process &quot;cd v3/model; yosys -ql design_smt2.log design_smt2.ys&quot;
SBY 11:49:02 [v3] engine_0: Engine did not produce a counter example.
SBY 11:49:02 [v3] engine_0: starting process &quot;cd v3; yosys-witness aiw2yw engine_0/trace.aiw model/design_aiger.ywa engine_0/trace_aiw.yw&quot;
SBY 11:49:02 [v3] engine_0: Converting AIGER witness trace 'engine_0/trace.aiw' to Yosys witness trace 'engine_0/trace_aiw.yw'...
SBY 11:49:02 [v3] engine_0: Using Yosys witness AIGER map file 'model/design_aiger.ywa'
SBY 11:49:02 [v3] engine_0: Converted 3 time steps.
SBY 11:49:02 [v3] engine_0: finished (returncode=0)
SBY 11:49:02 [v3] smt2: finished (returncode=0)
SBY 11:49:02 [v3] engine_0: starting process &quot;cd v3; yosys-smtbmc -s yices --noprogress --append 0 --dump-vcd engine_0/trace.vcd --dump-yw engine_0/trace.yw --dump-vlogtb engine_0/trace_tb.v --dump-smtc engine_0/trace.smtc --yw engine_0/trace_aiw.yw model/design_smt2.smt2&quot;
SBY 11:49:02 [v3] engine_0: ##   0:00:00  Solver: yices
SBY 11:49:02 [v3] engine_0: ##   0:00:00  Skipping step 0..
SBY 11:49:02 [v3] engine_0: ##   0:00:00  Skipping step 1..
SBY 11:49:02 [v3] engine_0: ##   0:00:00  Checking assertions in step 2..
SBY 11:49:02 [v3] engine_0: ##   0:00:00  BMC failed!
SBY 11:49:02 [v3] engine_0: ##   0:00:00  Assert failed in system: protocol.sv:9643.22-9646.62 ($assert$protocol.sv:9643$954)
SBY 11:49:02 [v3] engine_0: ##   0:00:00  Writing trace to VCD file: engine_0/trace.vcd
SBY 11:49:02 [v3] engine_0: ##   0:00:00  Writing trace to Verilog testbench: engine_0/trace_tb.v
SBY 11:49:02 [v3] engine_0: ##   0:00:00  Writing trace to constraints file: engine_0/trace.smtc
SBY 11:49:02 [v3] engine_0: ##   0:00:00  Writing trace to Yosys witness file: engine_0/trace.yw
SBY 11:49:02 [v3] engine_0: ##   0:00:00  Status: FAILED
SBY 11:49:02 [v3] engine_0: finished (returncode=1)
SBY 11:49:02 [v3] summary: Elapsed clock time [H:MM:SS (secs)]: 0:00:01 (1)
SBY 11:49:02 [v3] summary: Elapsed process time [H:MM:SS (secs)]: 0:00:01 (1)
SBY 11:49:02 [v3] summary: engine_0 (abc pdr) returned FAIL
SBY 11:49:02 [v3] summary: counterexample trace: v3/engine_0/trace.vcd
SBY 11:49:02 [v3] DONE (FAIL, rc=2)
</system-out>
<system-err>
</system-err>
</testsuite>
</testsuites>
